<?xml version="1.0" encoding="utf-8"?><testsuites name="pytest tests"><testsuite name="pytest" errors="0" failures="0" skipped="3" tests="9" time="0.136" timestamp="2025-11-08T21:46:22.978368+00:00" hostname="2860332c531168"><testcase classname="tests.unit.test_gui.TestGUIComponents" name="test_main_window_initialization" time="0.000"><skipped type="pytest.skip" message="GUI modules not available">/workspace/cmhqqjany02gxo6iowqscvbid/sdwsdwdwdawdrgrgrg/tests/unit/test_gui.py:597: GUI modules not available</skipped></testcase><testcase classname="tests.unit.test_gui.TestGUIComponents" name="test_file_selector_component" time="0.000"><skipped type="pytest.skip" message="GUI modules not available">/workspace/cmhqqjany02gxo6iowqscvbid/sdwsdwdwdawdrgrgrg/tests/unit/test_gui.py:621: GUI modules not available</skipped></testcase><testcase classname="tests.unit.test_gui.TestGUIComponents" name="test_strategy_panel_component" time="0.000"><skipped type="pytest.skip" message="GUI modules not available">/workspace/cmhqqjany02gxo6iowqscvbid/sdwsdwdwdawdrgrgrg/tests/unit/test_gui.py:651: GUI modules not available</skipped></testcase><testcase classname="tests.unit.test_gui.TestGUIWorkflows" name="test_complete_analysis_workflow" time="0.042" /><testcase classname="tests.unit.test_gui.TestGUIWorkflows" name="test_error_handling_workflow" time="0.001" /><testcase classname="tests.unit.test_gui.TestGUIWorkflows" name="test_user_interaction_sequences" time="0.001" /><testcase classname="tests.unit.test_gui.TestGUIErrorHandling" name="test_component_not_found_handling" time="0.001" /><testcase classname="tests.unit.test_gui.TestGUIErrorHandling" name="test_invalid_event_handling" time="0.001" /><testcase classname="tests.unit.test_gui.TestGUIErrorHandling" name="test_invalid_property_handling" time="0.001" /></testsuite></testsuites>