<?xml version="1.0" encoding="utf-8"?><testsuites name="pytest tests"><testsuite name="pytest" errors="0" failures="3" skipped="0" tests="35" time="1.230" timestamp="2025-11-08T21:46:20.496044+00:00" hostname="2860332c531168"><testcase classname="tests.unit.test_operations.TestXorOperation" name="test_xor_basic_functionality" time="0.001"><failure message="TypeError: bytes() takes at most 3 arguments (5 given)">tests/unit/test_operations.py:30: in test_xor_basic_functionality
    expected = bytes(ord('H') ^ 0x42, ord('e') ^ 0x42, ord('l') ^ 0x42,
E   TypeError: bytes() takes at most 3 arguments (5 given)</failure></testcase><testcase classname="tests.unit.test_operations.TestXorOperation" name="test_xor_reversibility" time="0.002" /><testcase classname="tests.unit.test_operations.TestXorOperation" name="test_xor_parameter_validation" time="0.001" /><testcase classname="tests.unit.test_operations.TestXorOperation" name="test_xor_edge_cases" time="0.001" /><testcase classname="tests.unit.test_operations.TestXorOperation" name="test_xor_various_data_patterns" time="0.001" /><testcase classname="tests.unit.test_operations.TestAddConstantOperation" name="test_add_constant_basic_functionality" time="0.001" /><testcase classname="tests.unit.test_operations.TestAddConstantOperation" name="test_add_constant_reversibility" time="0.001" /><testcase classname="tests.unit.test_operations.TestAddConstantOperation" name="test_add_constant_parameter_validation" time="0.001" /><testcase classname="tests.unit.test_operations.TestAddConstantOperation" name="test_add_constant_overflow_handling" time="0.001" /><testcase classname="tests.unit.test_operations.TestAddConstantOperation" name="test_add_constant_various_constants" time="0.001" /><testcase classname="tests.unit.test_operations.TestRotateOperation" name="test_rotate_left_basic_functionality" time="0.001" /><testcase classname="tests.unit.test_operations.TestRotateOperation" name="test_rotate_left_reversibility" time="0.001" /><testcase classname="tests.unit.test_operations.TestRotateOperation" name="test_rotate_parameter_validation" time="0.001" /><testcase classname="tests.unit.test_operations.TestRotateOperation" name="test_rotate_edge_cases" time="0.000" /><testcase classname="tests.unit.test_operations.TestRotateOperation" name="test_rotate_all_bit_values" time="0.001"><failure message="AssertionError: Rotate left by 3 bits failed&#10;assert b'\x9a' == b'\x9b'&#10;  &#10;  At index 0 diff: b'\x9a' != b'\x9b'&#10;  &#10;  Full diff:&#10;  - b'\x9b'&#10;  ?      ^&#10;  + b'\x9a'&#10;  ?      ^">tests/unit/test_operations.py:433: in test_rotate_all_bit_values
    assert result == expected, f"Rotate left by {bits} bits failed"
E   AssertionError: Rotate left by 3 bits failed
E   assert b'\x9a' == b'\x9b'
E     
E     At index 0 diff: b'\x9a' != b'\x9b'
E     
E     Full diff:
E     - b'\x9b'
E     ?      ^
E     + b'\x9a'
E     ?      ^</failure></testcase><testcase classname="tests.unit.test_operations.TestSubstituteOperation" name="test_substitute_basic_functionality" time="0.001" /><testcase classname="tests.unit.test_operations.TestSubstituteOperation" name="test_substitute_reversibility" time="0.001" /><testcase classname="tests.unit.test_operations.TestSubstituteOperation" name="test_substitute_parameter_validation" time="0.001" /><testcase classname="tests.unit.test_operations.TestSubstituteOperation" name="test_substitute_edge_cases" time="0.001" /><testcase classname="tests.unit.test_operations.TestSubstituteOperation" name="test_substitute_collision_handling" time="0.001" /><testcase classname="tests.unit.test_operations.TestCompressionOperation" name="test_compression_basic_functionality" time="0.006" /><testcase classname="tests.unit.test_operations.TestCompressionOperation" name="test_compression_reversibility" time="0.001" /><testcase classname="tests.unit.test_operations.TestCompressionOperation" name="test_compression_parameter_validation" time="0.001" /><testcase classname="tests.unit.test_operations.TestCompressionOperation" name="test_compression_edge_cases" time="0.002" /><testcase classname="tests.unit.test_operations.TestOperationMetadata" name="test_operation_name_and_description" time="0.001" /><testcase classname="tests.unit.test_operations.TestOperationMetadata" name="test_operation_parameter_metadata" time="0.001" /><testcase classname="tests.unit.test_operations.TestOperationMetadata" name="test_operation_reversibility_metadata" time="0.001" /><testcase classname="tests.unit.test_operations.TestOperationIntegration" name="test_multiple_operation_sequence" time="0.001" /><testcase classname="tests.unit.test_operations.TestOperationIntegration" name="test_operation_with_various_data_sizes" time="0.011" /><testcase classname="tests.unit.test_operations.TestOperationIntegration" name="test_operation_performance_consistency" time="0.001" /><testcase classname="tests.unit.test_operations.TestOperationIntegration" name="test_operation_error_handling" time="0.001" /><testcase classname="tests.unit.test_operations.TestOperationBoundaryConditions" name="test_empty_data_handling" time="0.001" /><testcase classname="tests.unit.test_operations.TestOperationBoundaryConditions" name="test_maximum_size_data" time="0.946" /><testcase classname="tests.unit.test_operations.TestOperationBoundaryConditions" name="test_unicode_and_special_characters" time="0.001"><failure message="ValueError: bytes must be in range(0, 256)">tests/unit/test_operations.py:942: in test_unicode_and_special_characters
    result = byte_operation(special_data)
             ^^^^^^^^^^^^^^^^^^^^^^^^^^^^
tests/unit/test_operations.py:940: in byte_operation
    return bytes(b + 1 for b in data)
           ^^^^^^^^^^^^^^^^^^^^^^^^^^
E   ValueError: bytes must be in range(0, 256)</failure></testcase><testcase classname="tests.unit.test_operations.TestOperationBoundaryConditions" name="test_extreme_parameter_values" time="0.001" /></testsuite></testsuites>