<?xml version="1.0" encoding="utf-8"?><testsuites name="pytest tests"><testsuite name="pytest" errors="0" failures="5" skipped="0" tests="30" time="0.395" timestamp="2025-11-08T21:46:18.849342+00:00" hostname="2860332c531168"><testcase classname="tests.unit.test_strategies.TestMCTSStrategy" name="test_mcts_tree_node_creation" time="0.001" /><testcase classname="tests.unit.test_strategies.TestMCTSStrategy" name="test_mcts_uct_calculation" time="0.001" /><testcase classname="tests.unit.test_strategies.TestMCTSStrategy" name="test_mcts_selection_phase" time="0.001" /><testcase classname="tests.unit.test_strategies.TestMCTSStrategy" name="test_mcts_simulation_and_backpropagation" time="0.001" /><testcase classname="tests.unit.test_strategies.TestMCTSStrategy" name="test_mcts_tree_growth" time="0.001" /><testcase classname="tests.unit.test_strategies.TestMCTSStrategy" name="test_mcts_config_parameter_influence" time="0.001"><failure message="AttributeError: Mock object has no attribute 'analyze'">tests/unit/test_strategies.py:123: in test_mcts_config_parameter_influence
    strategy.analyze.return_value = {
    ^^^^^^^^^^^^^^^^
/usr/local/lib/python3.12/unittest/mock.py:660: in __getattr__
    raise AttributeError("Mock object has no attribute %r" % name)
E   AttributeError: Mock object has no attribute 'analyze'</failure></testcase><testcase classname="tests.unit.test_strategies.TestGeneticStrategy" name="test_genetic_population_initialization" time="0.001" /><testcase classname="tests.unit.test_strategies.TestGeneticStrategy" name="test_genetic_crossover_operation" time="0.001" /><testcase classname="tests.unit.test_strategies.TestGeneticStrategy" name="test_genetic_mutation_operations" time="0.001" /><testcase classname="tests.unit.test_strategies.TestGeneticStrategy" name="test_genetic_selection_mechanisms" time="0.001" /><testcase classname="tests.unit.test_strategies.TestGeneticStrategy" name="test_genetic_evolution_improves_fitness" time="0.001" /><testcase classname="tests.unit.test_strategies.TestGeneticStrategy" name="test_genetic_population_diversity_maintenance" time="0.001" /><testcase classname="tests.unit.test_strategies.TestBeamSearchStrategy" name="test_beam_state_maintenance" time="0.001" /><testcase classname="tests.unit.test_strategies.TestBeamSearchStrategy" name="test_beam_candidate_expansion_and_pruning" time="0.001" /><testcase classname="tests.unit.test_strategies.TestBeamSearchStrategy" name="test_beam_k_best_selection_logic" time="0.001" /><testcase classname="tests.unit.test_strategies.TestBeamSearchStrategy" name="test_beam_width_parameter_effects" time="0.001"><failure message="TypeError: can't concat str to bytes">tests/unit/test_strategies.py:386: in test_beam_width_parameter_effects
    result_small = beam_search(test_data, beam_width=2, max_iterations=5)
                   ^^^^^^^^^^^^^^^^^^^^^^^^^^^^^^^^^^^^^^^^^^^^^^^^^^^^^^
tests/unit/test_strategies.py:368: in beam_search
    "data": state["data"] + f"_{i}",
            ^^^^^^^^^^^^^^^^^^^^^^^
E   TypeError: can't concat str to bytes</failure></testcase><testcase classname="tests.unit.test_strategies.TestBeamSearchStrategy" name="test_beam_contains_best_candidates" time="0.001" /><testcase classname="tests.unit.test_strategies.TestSimulatedAnnealingStrategy" name="test_simulated_annealing_temperature_schedule" time="0.001" /><testcase classname="tests.unit.test_strategies.TestSimulatedAnnealingStrategy" name="test_simulated_annealing_acceptance_probability" time="0.000" /><testcase classname="tests.unit.test_strategies.TestSimulatedAnnealingStrategy" name="test_simulated_annealing_move_generation" time="0.001" /><testcase classname="tests.unit.test_strategies.TestSimulatedAnnealingStrategy" name="test_simulated_annealing_cooling_rate_effects" time="0.001" /><testcase classname="tests.unit.test_strategies.TestSimulatedAnnealingStrategy" name="test_simulated_annealing_convergence_behavior" time="0.001" /><testcase classname="tests.unit.test_strategies.TestHeuristicStrategy" name="test_heuristic_evaluation_functions" time="0.001"><failure message="AttributeError: 'float' object has no attribute 'bit_length'">tests/unit/test_strategies.py:623: in test_heuristic_evaluation_functions
    entropy_score = entropy_heuristic(test_data)
                    ^^^^^^^^^^^^^^^^^^^^^^^^^^^^
tests/unit/test_strategies.py:605: in entropy_heuristic
    entropy -= probability * (probability.bit_length() - 1)
                              ^^^^^^^^^^^^^^^^^^^^^^
E   AttributeError: 'float' object has no attribute 'bit_length'</failure></testcase><testcase classname="tests.unit.test_strategies.TestHeuristicStrategy" name="test_heuristic_weighted_scoring_logic" time="0.001" /><testcase classname="tests.unit.test_strategies.TestHeuristicStrategy" name="test_heuristic_operation_ranking" time="0.001" /><testcase classname="tests.unit.test_strategies.TestHeuristicStrategy" name="test_heuristic_parameter_influence" time="0.001" /><testcase classname="tests.unit.test_strategies.TestHeuristicStrategy" name="test_heuristic_deterministic_behavior" time="0.001"><failure message="assert 98.80555555555556 != 98.80555555555556">tests/unit/test_strategies.py:735: in test_heuristic_deterministic_behavior
    assert different_result != results[0]
E   assert 98.80555555555556 != 98.80555555555556</failure></testcase><testcase classname="tests.unit.test_strategies.TestStrategyIntegration" name="test_strategy_consistency_validation" time="0.001"><failure message="AttributeError: Mock object has no attribute 'analyze'">tests/unit/test_strategies.py:753: in test_strategy_consistency_validation
    strategy.analyze.return_value = {
    ^^^^^^^^^^^^^^^^
/usr/local/lib/python3.12/unittest/mock.py:660: in __getattr__
    raise AttributeError("Mock object has no attribute %r" % name)
E   AttributeError: Mock object has no attribute 'analyze'</failure></testcase><testcase classname="tests.unit.test_strategies.TestStrategyIntegration" name="test_strategy_performance_comparison" time="0.001" /><testcase classname="tests.unit.test_strategies.TestStrategyIntegration" name="test_strategy_convergence_validation" time="0.001" /></testsuite></testsuites>