<?xml version="1.0" encoding="utf-8"?><testsuites name="pytest tests"><testsuite name="pytest" errors="0" failures="3" skipped="3" tests="9" time="0.152" timestamp="2025-11-08T21:46:25.858947+00:00" hostname="2860332c531168"><testcase classname="tests.integration.test_gui_integration.TestGUIIntegration" name="test_file_loading_integration" time="0.003"><failure message="AssertionError: File loading integration test failed: ['Non-existent file should not load successfully']&#10;assert False">tests/integration/test_gui_integration.py:545: in test_file_loading_integration
    assert result['passed'], f"File loading integration test failed: {result.get('errors', [])}"
E   AssertionError: File loading integration test failed: ['Non-existent file should not load successfully']
E   assert False</failure></testcase><testcase classname="tests.integration.test_gui_integration.TestGUIIntegration" name="test_analysis_integration" time="0.003" /><testcase classname="tests.integration.test_gui_integration.TestGUIIntegration" name="test_end_to_end_workflow" time="0.002" /><testcase classname="tests.integration.test_gui_integration.TestGUIIntegration" name="test_performance_integration" time="0.002" /><testcase classname="tests.integration.test_gui_integration.TestGUIIntegration" name="test_error_handling_integration" time="0.003"><failure message="AssertionError: Error handling integration test failed: ['Invalid file path should fail']&#10;assert False">tests/integration/test_gui_integration.py:565: in test_error_handling_integration
    assert result['passed'], f"Error handling integration test failed: {result.get('errors', [])}"
E   AssertionError: Error handling integration test failed: ['Invalid file path should fail']
E   assert False</failure></testcase><testcase classname="tests.integration.test_gui_integration.TestGUIIntegration" name="test_comprehensive_integration_suite" time="0.003"><failure message="AssertionError: Only 3/5 integration tests passed&#10;assert 3 == 5">tests/integration/test_gui_integration.py:586: in test_comprehensive_integration_suite
    assert passed_tests == total_tests, \
E   AssertionError: Only 3/5 integration tests passed
E   assert 3 == 5</failure></testcase><testcase classname="tests.integration.test_gui_integration.TestRealGUIIntegration" name="test_real_application_startup" time="0.000"><skipped type="pytest.skip" message="GUI modules not available">/workspace/cmhqqjany02gxo6iowqscvbid/sdwsdwdwdawdrgrgrg/tests/integration/test_gui_integration.py:603: GUI modules not available</skipped></testcase><testcase classname="tests.integration.test_gui_integration.TestRealGUIIntegration" name="test_real_file_dialog_integration" time="0.000"><skipped type="pytest.skip" message="GUI modules not available">/workspace/cmhqqjany02gxo6iowqscvbid/sdwsdwdwdawdrgrgrg/tests/integration/test_gui_integration.py:609: GUI modules not available</skipped></testcase><testcase classname="tests.integration.test_gui_integration.TestRealGUIIntegration" name="test_real_menu_integration" time="0.000"><skipped type="pytest.skip" message="GUI modules not available">/workspace/cmhqqjany02gxo6iowqscvbid/sdwsdwdwdawdrgrgrg/tests/integration/test_gui_integration.py:614: GUI modules not available</skipped></testcase></testsuite></testsuites>